2021-01-18 09:00:41,231 - werkzeug - INFO -  * Running on http://96.74.99.243:5000/ (Press CTRL+C to quit)
2021-01-18 09:00:41,233 - werkzeug - INFO -  * Restarting with stat
2021-01-18 09:00:41,613 - werkzeug - WARNING -  * Debugger is active!
2021-01-18 09:00:41,622 - werkzeug - INFO -  * Debugger PIN: 153-882-637
2021-01-18 09:01:22,126 - werkzeug - INFO - 59.36.121.188 - - [18/Jan/2021 09:01:22] "[37mPOST /index?msg_signature=2a62ee12c6d11172763d53716ab7be4660d83f8b&timestamp=1610989280&nonce=1611458373 HTTP/1.1[0m" 200 -
2021-01-18 09:01:27,187 - root - INFO - {"errcode":0,"errmsg":"ok","invaliduser":""}
2021-01-18 09:03:29,943 - werkzeug - INFO - 59.36.121.188 - - [18/Jan/2021 09:03:29] "[37mPOST /index?msg_signature=63e5989765bff822e730d20741942d68b1623cd1&timestamp=1610989408&nonce=1611495940 HTTP/1.1[0m" 200 -
2021-01-18 09:03:35,038 - root - INFO - {"errcode":0,"errmsg":"ok","invaliduser":""}
2021-01-18 15:59:11,451 - werkzeug - INFO -  * Detected change in '/Users/richard/Desktop/Stuff/Python Scripts/python3 wechatmsg /wx_msg_server.py', reloading
2021-01-18 15:59:11,639 - werkzeug - INFO -  * Restarting with stat
2021-01-18 15:59:12,212 - werkzeug - WARNING -  * Debugger is active!
2021-01-18 15:59:12,226 - werkzeug - INFO -  * Debugger PIN: 153-882-637
2021-01-18 15:59:15,332 - werkzeug - INFO -  * Detected change in '/Users/richard/Desktop/Stuff/Python Scripts/python3 wechatmsg /wx_msg_server.py', reloading
2021-01-18 15:59:15,394 - werkzeug - INFO -  * Restarting with stat
2021-01-18 15:59:15,850 - werkzeug - WARNING -  * Debugger is active!
2021-01-18 15:59:15,857 - werkzeug - INFO -  * Debugger PIN: 153-882-637
2021-01-18 15:59:25,079 - werkzeug - INFO -  * Detected change in '/Users/richard/Desktop/Stuff/Python Scripts/python3 wechatmsg /wx_msg_server.py', reloading
2021-01-18 15:59:25,119 - werkzeug - INFO -  * Restarting with stat
2021-01-18 15:59:47,297 - werkzeug - INFO -  * Running on http://96.74.99.243:5000/ (Press CTRL+C to quit)
2021-01-18 15:59:47,299 - werkzeug - INFO -  * Restarting with stat
2021-01-18 15:59:47,677 - werkzeug - WARNING -  * Debugger is active!
2021-01-18 15:59:47,685 - werkzeug - INFO -  * Debugger PIN: 153-882-637
2021-01-18 16:04:42,140 - werkzeug - INFO - 59.36.121.188 - - [18/Jan/2021 16:04:42] "[37mPOST /it?msg_signature=5abff7a82a0b26075db135ae86875e6e6d4fa3af&timestamp=1611014680&nonce=1611620193 HTTP/1.1[0m" 200 -
2021-01-18 16:04:43,576 - root - INFO - the JSON object must be str, bytes or bytearray, not dict
2021-01-18 16:05:21,015 - werkzeug - INFO -  * Detected change in '/Users/richard/Desktop/Stuff/Python Scripts/python3 wechatmsg /wx_msg_server.py', reloading
2021-01-18 16:05:21,151 - werkzeug - INFO -  * Restarting with stat
2021-01-18 16:06:15,462 - werkzeug - INFO -  * Restarting with stat
2021-01-18 16:06:38,560 - werkzeug - INFO -  * Restarting with stat
2021-01-18 16:08:11,285 - werkzeug - INFO -  * Restarting with stat
2021-01-18 16:08:13,080 - werkzeug - INFO -  * Restarting with stat
2021-01-18 16:08:14,616 - werkzeug - INFO -  * Restarting with stat
2021-01-18 16:08:20,106 - werkzeug - INFO -  * Restarting with stat
2021-01-18 16:08:23,721 - werkzeug - INFO -  * Restarting with stat
2021-01-18 16:08:48,902 - werkzeug - INFO -  * Restarting with stat
2021-01-18 16:09:26,440 - werkzeug - INFO -  * Restarting with stat
2021-01-18 16:09:33,151 - werkzeug - INFO -  * Restarting with stat
2021-01-18 16:09:49,921 - werkzeug - INFO -  * Restarting with stat
2021-01-18 16:10:10,142 - werkzeug - INFO -  * Restarting with stat
2021-01-18 16:10:14,970 - werkzeug - INFO -  * Restarting with stat
2021-01-18 16:10:17,805 - werkzeug - INFO -  * Restarting with stat
2021-01-18 16:10:39,684 - werkzeug - INFO -  * Restarting with stat
2021-01-18 16:10:43,290 - werkzeug - INFO -  * Restarting with stat
